Using pre-set license
Built from '2021.3/staging' branch; Version is '2021.3.16f1 (4016570cf34f) revision 4200023'; Using compiler version '192829333'; Build Type 'Release'
OS: 'Windows 11  (10.0.22621) 64bit Core' Language: 'pt' Physical Memory: 7876 MB
BatchMode: 1, IsHumanControllingUs: 0, StartBugReporterOnCrash: 0, Is64bit: 1, IsPro: 1

COMMAND LINE ARGUMENTS:
C:\Program Files\Unity\Hub\Editor\2021.3.16f1\Editor\Unity.exe
-adb2
-batchMode
-noUpm
-name
AssetImportWorker4
-projectPath
C:/Users/natan/OneDrive/Documentos/Unity Projects/UnityTestFPS
-logFile
Logs/AssetImportWorker4.log
-srvPort
53642
Successfully changed project path to: C:/Users/natan/OneDrive/Documentos/Unity Projects/UnityTestFPS
C:/Users/natan/OneDrive/Documentos/Unity Projects/UnityTestFPS
[UnityMemory] Configuration Parameters - Can be set up in boot.config
    "memorysetup-bucket-allocator-granularity=16"
    "memorysetup-bucket-allocator-bucket-count=8"
    "memorysetup-bucket-allocator-block-size=33554432"
    "memorysetup-bucket-allocator-block-count=8"
    "memorysetup-main-allocator-block-size=16777216"
    "memorysetup-thread-allocator-block-size=16777216"
    "memorysetup-gfx-main-allocator-block-size=16777216"
    "memorysetup-gfx-thread-allocator-block-size=16777216"
    "memorysetup-cache-allocator-block-size=4194304"
    "memorysetup-typetree-allocator-block-size=2097152"
    "memorysetup-profiler-bucket-allocator-granularity=16"
    "memorysetup-profiler-bucket-allocator-bucket-count=8"
    "memorysetup-profiler-bucket-allocator-block-size=33554432"
    "memorysetup-profiler-bucket-allocator-block-count=8"
    "memorysetup-profiler-allocator-block-size=16777216"
    "memorysetup-profiler-editor-allocator-block-size=1048576"
    "memorysetup-temp-allocator-size-main=16777216"
    "memorysetup-job-temp-allocator-block-size=2097152"
    "memorysetup-job-temp-allocator-block-size-background=1048576"
    "memorysetup-job-temp-allocator-reduction-small-platforms=262144"
    "memorysetup-temp-allocator-size-background-worker=32768"
    "memorysetup-temp-allocator-size-job-worker=262144"
    "memorysetup-temp-allocator-size-preload-manager=33554432"
    "memorysetup-temp-allocator-size-nav-mesh-worker=65536"
    "memorysetup-temp-allocator-size-audio-worker=65536"
    "memorysetup-temp-allocator-size-cloud-worker=32768"
    "memorysetup-temp-allocator-size-gi-baking-worker=262144"
    "memorysetup-temp-allocator-size-gfx=262144"
Player connection [4948] Host "[IP] 26.74.56.139 [Port] 0 [Flags] 2 [Guid] 1217081786 [EditorId] 1217081786 [Version] 1048832 [Id] WindowsEditor(7,NatanDellG15) [Debug] 1 [PackageName] WindowsEditor [ProjectName] Editor" joined multi-casting on [225.0.0.222:54997]...

Player connection [4948] Host "[IP] 26.74.56.139 [Port] 0 [Flags] 2 [Guid] 1217081786 [EditorId] 1217081786 [Version] 1048832 [Id] WindowsEditor(7,NatanDellG15) [Debug] 1 [PackageName] WindowsEditor [ProjectName] Editor" joined alternative multi-casting on [225.0.0.222:34997]...

Refreshing native plugins compatible for Editor in 93.24 ms, found 3 plugins.
Preloading 0 native plugins for Editor in 0.00 ms.
Initialize engine version: 2021.3.16f1 (4016570cf34f)
[Subsystems] Discovering subsystems at path C:/Program Files/Unity/Hub/Editor/2021.3.16f1/Editor/Data/Resources/UnitySubsystems
[Subsystems] Discovering subsystems at path C:/Users/natan/OneDrive/Documentos/Unity Projects/UnityTestFPS/Assets
GfxDevice: creating device client; threaded=0; jobified=0
Direct3D:
    Version:  Direct3D 11.0 [level 11.1]
    Renderer: NVIDIA GeForce RTX 3050 Laptop GPU (ID=0x25e2)
    Vendor:   NVIDIA
    VRAM:     3977 MB
    Driver:   31.0.15.3118
Initialize mono
Mono path[0] = 'C:/Program Files/Unity/Hub/Editor/2021.3.16f1/Editor/Data/Managed'
Mono path[1] = 'C:/Program Files/Unity/Hub/Editor/2021.3.16f1/Editor/Data/MonoBleedingEdge/lib/mono/unityjit-win32'
Mono config path = 'C:/Program Files/Unity/Hub/Editor/2021.3.16f1/Editor/Data/MonoBleedingEdge/etc'
Using monoOptions --debugger-agent=transport=dt_socket,embedding=1,server=y,suspend=n,address=127.0.0.1:56868
Begin MonoManager ReloadAssembly
Registering precompiled unity dll's ...
Register platform support module: C:/Program Files/Unity/Hub/Editor/2021.3.16f1/Editor/Data/PlaybackEngines/WebGLSupport/UnityEditor.WebGL.Extensions.dll
Register platform support module: C:/Program Files/Unity/Hub/Editor/2021.3.16f1/Editor/Data/PlaybackEngines/WindowsStandaloneSupport/UnityEditor.WindowsStandalone.Extensions.dll
Registered in 0.003332 seconds.
Native extension for WindowsStandalone target not found
Native extension for WebGL target not found
Refreshing native plugins compatible for Editor in 60.07 ms, found 3 plugins.
Preloading 0 native plugins for Editor in 0.00 ms.
Mono: successfully reloaded assembly
- Completed reload, in  0.510 seconds
Domain Reload Profiling:
	ReloadAssembly (510ms)
		BeginReloadAssembly (76ms)
			ExecutionOrderSort (0ms)
			DisableScriptedObjects (0ms)
			BackupInstance (0ms)
			ReleaseScriptingObjects (0ms)
			CreateAndSetChildDomain (1ms)
		EndReloadAssembly (349ms)
			LoadAssemblies (75ms)
			RebuildTransferFunctionScriptingTraits (0ms)
			SetupTypeCache (93ms)
			ReleaseScriptCaches (0ms)
			RebuildScriptCaches (19ms)
			SetupLoadedEditorAssemblies (196ms)
				LogAssemblyErrors (0ms)
				InitializePlatformSupportModulesInManaged (6ms)
				SetLoadedEditorAssemblies (0ms)
				RefreshPlugins (60ms)
				BeforeProcessingInitializeOnLoad (1ms)
				ProcessInitializeOnLoadAttributes (92ms)
				ProcessInitializeOnLoadMethodAttributes (36ms)
				AfterProcessingInitializeOnLoad (0ms)
				EditorAssembliesLoaded (0ms)
			ExecutionOrderSort2 (0ms)
			AwakeInstancesAfterBackupRestoration (0ms)
Platform modules already initialized, skipping
Registering precompiled user dll's ...
Registered in 0.011607 seconds.
Begin MonoManager ReloadAssembly
Symbol file LoadedFromMemory doesn't match image C:\Users\natan\OneDrive\Documentos\Unity Projects\UnityTestFPS\Library\PackageCache\com.unity.visualscripting@1.7.8\Editor\VisualScripting.Core\Dependencies\YamlDotNet\Unity.VisualScripting.YamlDotNet.dll
Symbol file LoadedFromMemory doesn't match image C:\Users\natan\OneDrive\Documentos\Unity Projects\UnityTestFPS\Library\PackageCache\com.unity.visualscripting@1.7.8\Editor\VisualScripting.Core\Dependencies\DotNetZip\Unity.VisualScripting.IonicZip.dll
Native extension for WindowsStandalone target not found
Native extension for WebGL target not found
Refreshing native plugins compatible for Editor in 0.96 ms, found 3 plugins.
Preloading 0 native plugins for Editor in 0.00 ms.
Mono: successfully reloaded assembly
- Completed reload, in  6.007 seconds
Domain Reload Profiling:
	ReloadAssembly (6013ms)
		BeginReloadAssembly (119ms)
			ExecutionOrderSort (0ms)
			DisableScriptedObjects (4ms)
			BackupInstance (0ms)
			ReleaseScriptingObjects (0ms)
			CreateAndSetChildDomain (20ms)
		EndReloadAssembly (5805ms)
			LoadAssemblies (1119ms)
			RebuildTransferFunctionScriptingTraits (0ms)
			SetupTypeCache (1533ms)
			ReleaseScriptCaches (2ms)
			RebuildScriptCaches (179ms)
			SetupLoadedEditorAssemblies (2805ms)
				LogAssemblyErrors (0ms)
				InitializePlatformSupportModulesInManaged (11ms)
				SetLoadedEditorAssemblies (1ms)
				RefreshPlugins (1ms)
				BeforeProcessingInitializeOnLoad (141ms)
				ProcessInitializeOnLoadAttributes (443ms)
				ProcessInitializeOnLoadMethodAttributes (2182ms)
				AfterProcessingInitializeOnLoad (24ms)
				EditorAssembliesLoaded (1ms)
			ExecutionOrderSort2 (0ms)
			AwakeInstancesAfterBackupRestoration (19ms)
Platform modules already initialized, skipping
========================================================================
Worker process is ready to serve import requests
Launched and connected shader compiler UnityShaderCompiler.exe after 0.14 seconds
Refreshing native plugins compatible for Editor in 0.78 ms, found 3 plugins.
Preloading 0 native plugins for Editor in 0.00 ms.
Unloading 3736 Unused Serialized files (Serialized files now loaded: 0)
Unloading 28 unused Assets / (175.0 KB). Loaded Objects now: 4194.
Memory consumption went from 133.3 MB to 133.2 MB.
Total: 8.208900 ms (FindLiveObjects: 0.478200 ms CreateObjectMapping: 0.270500 ms MarkObjects: 6.994100 ms  DeleteObjects: 0.464100 ms)

AssetImportParameters requested are different than current active one (requested -> active):
  custom:video-decoder-ogg-theora: a1e56fd34408186e4bbccfd4996cb3dc -> 
  custom:container-muxer-webm: aa71ff27fc2769a1b78a27578f13a17b -> 
  custom:container-demuxer-webm: 4f35f7cbe854078d1ac9338744f61a02 -> 
  custom:video-encoder-webm-vp8: eb34c28f22e8b96e1ab97ce403110664 -> 
  custom:video-codec-MediaFoundation-h265: 746d11721c4dcdbdad8f713fa42b33f4 -> 
  custom:audio-encoder-webm-vorbis: bf7c407c2cedff20999df2af8eb42d56 -> 
  custom:framework-win-MediaFoundation: 216162199b28c13a410421893ffa2e32 -> 
  custom:container-demuxer-ogg: 62fdf1f143b41e24485cea50d1cbac27 -> 
  custom:video-decoder-webm-vp8: 9c59270c3fd7afecdb556c50c9e8de78 -> 
  custom:audio-decoder-ogg-vorbis: bf7c407c2cedff20999df2af8eb42d56 -> 
========================================================================
Received Import Request.
  Time since last request: 345190.174742 seconds.
  path: Assets/ProBuilder Data/Default Material Palette.asset
  artifactKey: Guid(25cef5af6a3c358438e8c766366459e9) Importer(815301076,1909f56bfc062723c751e8b465ee728b)
Start importing Assets/ProBuilder Data/Default Material Palette.asset using Guid(25cef5af6a3c358438e8c766366459e9) Importer(815301076,1909f56bfc062723c751e8b465ee728b)  -> (artifact id: 'a1aadba2d63a26bb53c12e26f7185862') in 0.291317 seconds 
========================================================================
Received Import Request.
  Time since last request: 4.148442 seconds.
  path: Packages/com.unity.probuilder/Content/Material/Checker.mat
  artifactKey: Guid(4717b199010ca4cb3a8a7a465ec457d2) Importer(815301076,1909f56bfc062723c751e8b465ee728b)
Start importing Packages/com.unity.probuilder/Content/Material/Checker.mat using Guid(4717b199010ca4cb3a8a7a465ec457d2) Importer(815301076,1909f56bfc062723c751e8b465ee728b)  -> (artifact id: '94f08926a220f8a91114a57f1b2b37c0') in 0.545053 seconds 
========================================================================
Received Import Request.
  Time since last request: 0.000038 seconds.
  path: Packages/com.unity.probuilder/Content/Resources/Materials/FacePicker.mat
  artifactKey: Guid(5695904020f064fdab5ad265b274a616) Importer(815301076,1909f56bfc062723c751e8b465ee728b)
Start importing Packages/com.unity.probuilder/Content/Resources/Materials/FacePicker.mat using Guid(5695904020f064fdab5ad265b274a616) Importer(815301076,1909f56bfc062723c751e8b465ee728b)  -> (artifact id: '99d703007d41985d9c3116a1d803ce13') in 0.031906 seconds 
========================================================================
Received Import Request.
  Time since last request: 0.000051 seconds.
  path: Packages/com.unity.probuilder/Content/Resources/Materials/EdgePickerHDRP.mat
  artifactKey: Guid(980c24c5a501a9a429356d191ad356a9) Importer(815301076,1909f56bfc062723c751e8b465ee728b)
Start importing Packages/com.unity.probuilder/Content/Resources/Materials/EdgePickerHDRP.mat using Guid(980c24c5a501a9a429356d191ad356a9) Importer(815301076,1909f56bfc062723c751e8b465ee728b)  -> (artifact id: '911b4b2f1188371f850d6b9d72b21a59') in 0.033436 seconds 
========================================================================
Received Import Request.
  Time since last request: 0.000029 seconds.
  path: Packages/com.unity.probuilder/Content/Resources/Materials/EdgePicker.mat
  artifactKey: Guid(4ff996e3a0a5743a3987ab6231160665) Importer(815301076,1909f56bfc062723c751e8b465ee728b)
Start importing Packages/com.unity.probuilder/Content/Resources/Materials/EdgePicker.mat using Guid(4ff996e3a0a5743a3987ab6231160665) Importer(815301076,1909f56bfc062723c751e8b465ee728b)  -> (artifact id: '04f5d403577e78301b3e393befe630ba') in 0.022415 seconds 
========================================================================
Received Import Request.
  Time since last request: 0.000042 seconds.
  path: Packages/com.unity.probuilder/Content/Resources/Materials/NoDraw.mat
  artifactKey: Guid(8cb4d6fee77fd4ee6895f08b240d625f) Importer(815301076,1909f56bfc062723c751e8b465ee728b)
Start importing Packages/com.unity.probuilder/Content/Resources/Materials/NoDraw.mat using Guid(8cb4d6fee77fd4ee6895f08b240d625f) Importer(815301076,1909f56bfc062723c751e8b465ee728b)  -> (artifact id: '603a4946d6accdfae19d0074787ced49') in 0.059764 seconds 
========================================================================
Received Import Request.
  Time since last request: 0.000025 seconds.
  path: Packages/com.unity.probuilder/Content/Resources/Materials/InvisibleFace.mat
  artifactKey: Guid(978bbcf5050244f1b95128c04103f628) Importer(815301076,1909f56bfc062723c751e8b465ee728b)
Start importing Packages/com.unity.probuilder/Content/Resources/Materials/InvisibleFace.mat using Guid(978bbcf5050244f1b95128c04103f628) Importer(815301076,1909f56bfc062723c751e8b465ee728b)  -> (artifact id: '1a7cd32e50dcff853aeeebe776f7c4b4') in 0.032224 seconds 
========================================================================
Received Import Request.
  Time since last request: 1.056067 seconds.
  path: Packages/com.unity.probuilder/Content/Resources/Materials/ProBuilderDefault.mat
  artifactKey: Guid(c22777d6e868e4f2fb421913386b154e) Importer(815301076,1909f56bfc062723c751e8b465ee728b)
Start importing Packages/com.unity.probuilder/Content/Resources/Materials/ProBuilderDefault.mat using Guid(c22777d6e868e4f2fb421913386b154e) Importer(815301076,1909f56bfc062723c751e8b465ee728b)  -> (artifact id: '41c4b2dd416137eee25534d694e53f77') in 0.138279 seconds 
========================================================================
Received Import Request.
  Time since last request: 0.228693 seconds.
  path: Packages/com.unity.probuilder/Content/Resources/Materials/StandardVertexColorLWRP.mat
  artifactKey: Guid(077a003b1de1e4c35923be7a21b5d948) Importer(815301076,1909f56bfc062723c751e8b465ee728b)
Start importing Packages/com.unity.probuilder/Content/Resources/Materials/StandardVertexColorLWRP.mat using Guid(077a003b1de1e4c35923be7a21b5d948) Importer(815301076,1909f56bfc062723c751e8b465ee728b)  -> (artifact id: '2bbde813e6edf50db0079606bfda4391') in 0.022838 seconds 
========================================================================
Received Import Request.
  Time since last request: 0.046532 seconds.
  path: Packages/com.unity.probuilder/Content/Resources/Materials/UnlitVertexColor.mat
  artifactKey: Guid(29966c3c0907b49b58c4e59342d020cf) Importer(815301076,1909f56bfc062723c751e8b465ee728b)
Start importing Packages/com.unity.probuilder/Content/Resources/Materials/UnlitVertexColor.mat using Guid(29966c3c0907b49b58c4e59342d020cf) Importer(815301076,1909f56bfc062723c751e8b465ee728b)  -> (artifact id: '5c638e9122e58b1b1669322184ce6765') in 0.017170 seconds 
========================================================================
Received Import Request.
  Time since last request: 0.000028 seconds.
  path: Packages/com.unity.probuilder/Content/Resources/Materials/VertexPickerHDRP.mat
  artifactKey: Guid(7d5c9fc287a2aa945a98203d41282923) Importer(815301076,1909f56bfc062723c751e8b465ee728b)
Start importing Packages/com.unity.probuilder/Content/Resources/Materials/VertexPickerHDRP.mat using Guid(7d5c9fc287a2aa945a98203d41282923) Importer(815301076,1909f56bfc062723c751e8b465ee728b)  -> (artifact id: '5b9acdb647b9e71eb0ad5233141b3f40') in 0.022662 seconds 
========================================================================
Received Import Request.
  Time since last request: 38.597513 seconds.
  path: Packages/com.unity.probuilder/Content/Resources/Textures/GridBox_Default.png
  artifactKey: Guid(6344bf96fbda94141a525046d088fb23) Importer(815301076,1909f56bfc062723c751e8b465ee728b)
Start importing Packages/com.unity.probuilder/Content/Resources/Textures/GridBox_Default.png using Guid(6344bf96fbda94141a525046d088fb23) Importer(815301076,1909f56bfc062723c751e8b465ee728b)  -> (artifact id: 'b09c64ebe049183de1ab239d437e3edb') in 0.119594 seconds 
========================================================================
Received Import Request.
  Time since last request: 84.280088 seconds.
  path: Packages/com.unity.probuilder/Content/Material/Textures
  artifactKey: Guid(4f6e01a3849934e69a960a5b6a0ec949) Importer(815301076,1909f56bfc062723c751e8b465ee728b)
Start importing Packages/com.unity.probuilder/Content/Material/Textures using Guid(4f6e01a3849934e69a960a5b6a0ec949) Importer(815301076,1909f56bfc062723c751e8b465ee728b)  -> (artifact id: '90fd7baf2a40eb5e260f103aa4e40968') in 0.012556 seconds 
========================================================================
Received Import Request.
  Time since last request: 0.061785 seconds.
  path: Packages/com.unity.probuilder/Content/Material/Textures/Checker.png
  artifactKey: Guid(2b3b02d65d5a24a20a12332c4125d74b) Importer(815301076,1909f56bfc062723c751e8b465ee728b)
Start importing Packages/com.unity.probuilder/Content/Material/Textures/Checker.png using Guid(2b3b02d65d5a24a20a12332c4125d74b) Importer(815301076,1909f56bfc062723c751e8b465ee728b)  -> (artifact id: '55f84eb68bcc985a5b09dbae8b168a5e') in 0.013980 seconds 
========================================================================
Received Import Request.
  Time since last request: 0.000025 seconds.
  path: Packages/com.unity.probuilder/Content/Material/Textures/GridBox_NoDraw.png
  artifactKey: Guid(464ca14f3cfaf433582758afa13a9473) Importer(815301076,1909f56bfc062723c751e8b465ee728b)
Start importing Packages/com.unity.probuilder/Content/Material/Textures/GridBox_NoDraw.png using Guid(464ca14f3cfaf433582758afa13a9473) Importer(815301076,1909f56bfc062723c751e8b465ee728b)  -> (artifact id: 'f46a91147b113d816e3c27aff2c61011') in 0.015841 seconds 
========================================================================
Received Import Request.
  Time since last request: 0.000019 seconds.
  path: Packages/com.unity.probuilder/Content/Material/Textures/GridBox_Trigger.png
  artifactKey: Guid(b3fd87e2e956e41b0b43f76bb50a4934) Importer(815301076,1909f56bfc062723c751e8b465ee728b)
Start importing Packages/com.unity.probuilder/Content/Material/Textures/GridBox_Trigger.png using Guid(b3fd87e2e956e41b0b43f76bb50a4934) Importer(815301076,1909f56bfc062723c751e8b465ee728b)  -> (artifact id: 'b1ac66f723191ecf730804c2e2908b69') in 0.015266 seconds 
========================================================================
Received Import Request.
  Time since last request: 4.182630 seconds.
  path: Packages/com.unity.probuilder/package.json
  artifactKey: Guid(7958ca6fdf895ca498c5fab155f0b0f1) Importer(815301076,1909f56bfc062723c751e8b465ee728b)
Start importing Packages/com.unity.probuilder/package.json using Guid(7958ca6fdf895ca498c5fab155f0b0f1) Importer(815301076,1909f56bfc062723c751e8b465ee728b)  -> (artifact id: 'fd762092616f82f60ce7be5da96199e6') in 0.043028 seconds 
========================================================================
Received Import Request.
  Time since last request: 2.018019 seconds.
  path: Packages/com.unity.probuilder/Content
  artifactKey: Guid(04a0feda657064ccbb5cc36319dfcf16) Importer(815301076,1909f56bfc062723c751e8b465ee728b)
Start importing Packages/com.unity.probuilder/Content using Guid(04a0feda657064ccbb5cc36319dfcf16) Importer(815301076,1909f56bfc062723c751e8b465ee728b)  -> (artifact id: '03a98fdfe7606a45631a288510b3a0c5') in 0.012166 seconds 
========================================================================
Received Import Request.
  Time since last request: 0.703837 seconds.
  path: Packages/com.unity.probuilder/Content/Material
  artifactKey: Guid(aed528667fa2e4e27b4a1fba64e57186) Importer(815301076,1909f56bfc062723c751e8b465ee728b)
Start importing Packages/com.unity.probuilder/Content/Material using Guid(aed528667fa2e4e27b4a1fba64e57186) Importer(815301076,1909f56bfc062723c751e8b465ee728b)  -> (artifact id: 'fbac74f9f3691d3d9567eea3ddb4bdc8') in 0.009196 seconds 
========================================================================
Received Import Request.
  Time since last request: 8.386404 seconds.
  path: Packages/com.unity.probuilder/Content/Resources
  artifactKey: Guid(681e2a77546fa4aeea345b40dae7de04) Importer(815301076,1909f56bfc062723c751e8b465ee728b)
Start importing Packages/com.unity.probuilder/Content/Resources using Guid(681e2a77546fa4aeea345b40dae7de04) Importer(815301076,1909f56bfc062723c751e8b465ee728b)  -> (artifact id: '1be4c37710a2a7e3a692b8f9c39e9185') in 0.010232 seconds 
========================================================================
Received Import Request.
  Time since last request: 0.992866 seconds.
  path: Packages/com.unity.probuilder/Content/Resources/Materials
  artifactKey: Guid(86a33916cf3294ac7ab58f89c2aa40b9) Importer(815301076,1909f56bfc062723c751e8b465ee728b)
Start importing Packages/com.unity.probuilder/Content/Resources/Materials using Guid(86a33916cf3294ac7ab58f89c2aa40b9) Importer(815301076,1909f56bfc062723c751e8b465ee728b)  -> (artifact id: '14951a3eddd9baf72b98b0d8964f3119') in 0.011449 seconds 
========================================================================
Received Import Request.
  Time since last request: 8.024882 seconds.
  path: Assets/Materials/ProBuilderDefault.mat
  artifactKey: Guid(d5fc7fac247d374459a6c46376cf81a4) Importer(815301076,1909f56bfc062723c751e8b465ee728b)
Start importing Assets/Materials/ProBuilderDefault.mat using Guid(d5fc7fac247d374459a6c46376cf81a4) Importer(815301076,1909f56bfc062723c751e8b465ee728b)  -> (artifact id: '1a5e7879f71c4378273543ec33f73f6a') in 0.015391 seconds 
========================================================================
Received Import Request.
  Time since last request: 6.738524 seconds.
  path: Packages/com.unity.probuilder/Content/Icons/Toolbar/Background/Geo_Normal_Horizontal.png
  artifactKey: Guid(632d7c73bc4e14782b46b7ee28b5d383) Importer(815301076,1909f56bfc062723c751e8b465ee728b)
Start importing Packages/com.unity.probuilder/Content/Icons/Toolbar/Background/Geo_Normal_Horizontal.png using Guid(632d7c73bc4e14782b46b7ee28b5d383) Importer(815301076,1909f56bfc062723c751e8b465ee728b)  -> (artifact id: 'd9a7fc1447fdd2cc006e1ea160aea5a3') in 0.039451 seconds 
========================================================================
Received Import Request.
  Time since last request: 0.000106 seconds.
  path: Packages/com.unity.probuilder/Content/Icons/Toolbar/Background/Geo_Pressed_Horizontal.png
  artifactKey: Guid(6cfa1f4fa4f524777b44a27293390e0e) Importer(815301076,1909f56bfc062723c751e8b465ee728b)
Start importing Packages/com.unity.probuilder/Content/Icons/Toolbar/Background/Geo_Pressed_Horizontal.png using Guid(6cfa1f4fa4f524777b44a27293390e0e) Importer(815301076,1909f56bfc062723c751e8b465ee728b)  -> (artifact id: '385864d7b8a41c890c50f45e8460a745') in 0.030203 seconds 
========================================================================
Received Import Request.
  Time since last request: 0.000062 seconds.
  path: Packages/com.unity.collab-proxy/Editor/PlasticSCM/Assets/Images/iconcheckedoutlocaloverlay@2x.png
  artifactKey: Guid(3999034958d54364da380a8839a11050) Importer(815301076,1909f56bfc062723c751e8b465ee728b)
Start importing Packages/com.unity.collab-proxy/Editor/PlasticSCM/Assets/Images/iconcheckedoutlocaloverlay@2x.png using Guid(3999034958d54364da380a8839a11050) Importer(815301076,1909f56bfc062723c751e8b465ee728b)  -> (artifact id: 'b0b5074c4aa9cecdca87c6f251872943') in 0.058826 seconds 
========================================================================
Received Import Request.
  Time since last request: 0.000044 seconds.
  path: Packages/com.unity.probuilder/Content/Icons/Toolbar/Help_Light.png
  artifactKey: Guid(3f608a0570cfcf446821d6adfc48c720) Importer(815301076,1909f56bfc062723c751e8b465ee728b)
Start importing Packages/com.unity.probuilder/Content/Icons/Toolbar/Help_Light.png using Guid(3f608a0570cfcf446821d6adfc48c720) Importer(815301076,1909f56bfc062723c751e8b465ee728b)  -> (artifact id: '806274d5fef9835706383db7393deff9') in 0.028589 seconds 
========================================================================
Received Import Request.
  Time since last request: 0.000052 seconds.
  path: Packages/com.unity.probuilder/Content/Icons/Toolbar/Background/Geo_Normal_Vertical_Light.png
  artifactKey: Guid(e5bc8a48387a5e441975e560374e9558) Importer(815301076,1909f56bfc062723c751e8b465ee728b)
Start importing Packages/com.unity.probuilder/Content/Icons/Toolbar/Background/Geo_Normal_Vertical_Light.png using Guid(e5bc8a48387a5e441975e560374e9558) Importer(815301076,1909f56bfc062723c751e8b465ee728b)  -> (artifact id: 'f32c09b2325dd7e6b46d4908520dbf6b') in 0.029476 seconds 
========================================================================
Received Import Request.
  Time since last request: 0.000037 seconds.
  path: Packages/com.unity.probuilder/Content/Icons/Toolbar/Background/Geo_Pressed_Vertical_Light.png
  artifactKey: Guid(0b6c87828bb440646aae0621230d5d0b) Importer(815301076,1909f56bfc062723c751e8b465ee728b)
Start importing Packages/com.unity.probuilder/Content/Icons/Toolbar/Background/Geo_Pressed_Vertical_Light.png using Guid(0b6c87828bb440646aae0621230d5d0b) Importer(815301076,1909f56bfc062723c751e8b465ee728b)  -> (artifact id: '6bef3294c9e024c45b798d4d9c31e348') in 0.031274 seconds 
========================================================================
Received Import Request.
  Time since last request: 0.000037 seconds.
  path: Packages/com.unity.collab-proxy/Editor/PlasticSCM/Assets/Images/iconconflictresolvedoverlay@2x.png
  artifactKey: Guid(309b1d5a294fd6c43ae9cf77656c1852) Importer(815301076,1909f56bfc062723c751e8b465ee728b)
Start importing Packages/com.unity.collab-proxy/Editor/PlasticSCM/Assets/Images/iconconflictresolvedoverlay@2x.png using Guid(309b1d5a294fd6c43ae9cf77656c1852) Importer(815301076,1909f56bfc062723c751e8b465ee728b)  -> (artifact id: '2e17d45a411aabfdbcaf40655cf80302') in 0.030506 seconds 
========================================================================
Received Import Request.
  Time since last request: 0.000043 seconds.
  path: Packages/com.unity.probuilder/Content/Icons/Toolbar/HandleAlign_World.png
  artifactKey: Guid(07353549ad6f54463b035ea6bcc87fc8) Importer(815301076,1909f56bfc062723c751e8b465ee728b)
Start importing Packages/com.unity.probuilder/Content/Icons/Toolbar/HandleAlign_World.png using Guid(07353549ad6f54463b035ea6bcc87fc8) Importer(815301076,1909f56bfc062723c751e8b465ee728b)  -> (artifact id: '43dbe78363c0e1fa68d69880295b2a6e') in 0.014915 seconds 
========================================================================
Received Import Request.
  Time since last request: 0.000036 seconds.
  path: Packages/com.unity.collab-proxy/Editor/PlasticSCM/Assets/Images/iconaddedlocal.png
  artifactKey: Guid(9a1ab8af8c446204e989a90f18305caf) Importer(815301076,1909f56bfc062723c751e8b465ee728b)
Start importing Packages/com.unity.collab-proxy/Editor/PlasticSCM/Assets/Images/iconaddedlocal.png using Guid(9a1ab8af8c446204e989a90f18305caf) Importer(815301076,1909f56bfc062723c751e8b465ee728b)  -> (artifact id: '869cbcadf8617d09ff75b932f0d12d46') in 0.032020 seconds 
========================================================================
Received Import Request.
  Time since last request: 0.000040 seconds.
  path: Packages/com.unity.probuilder/Content/Icons/Toolbar/HandleAlign_Custom.png
  artifactKey: Guid(1ca3f1b1d9b7b4e63bcb89526f13507d) Importer(815301076,1909f56bfc062723c751e8b465ee728b)
Start importing Packages/com.unity.probuilder/Content/Icons/Toolbar/HandleAlign_Custom.png using Guid(1ca3f1b1d9b7b4e63bcb89526f13507d) Importer(815301076,1909f56bfc062723c751e8b465ee728b)  -> (artifact id: '9af7fe1176dd2d0e7c388aebce3e382b') in 0.025510 seconds 
========================================================================
Received Import Request.
  Time since last request: 0.000039 seconds.
  path: Packages/com.unity.collab-proxy/Editor/PlasticSCM/Assets/Images/icondeletedlocaloverlay@2x.png
  artifactKey: Guid(a3e491f99ea3ad74f8731ca93e84c497) Importer(815301076,1909f56bfc062723c751e8b465ee728b)
Start importing Packages/com.unity.collab-proxy/Editor/PlasticSCM/Assets/Images/icondeletedlocaloverlay@2x.png using Guid(a3e491f99ea3ad74f8731ca93e84c497) Importer(815301076,1909f56bfc062723c751e8b465ee728b)  -> (artifact id: 'bfac614287b90c75195bd43f91cd7714') in 0.030839 seconds 
========================================================================
Received Import Request.
  Time since last request: 0.000058 seconds.
  path: Packages/com.unity.probuilder/Content/Icons/Toolbar/Help.png
  artifactKey: Guid(85fe0ebd4e86846489f61740f277ec45) Importer(815301076,1909f56bfc062723c751e8b465ee728b)
Start importing Packages/com.unity.probuilder/Content/Icons/Toolbar/Help.png using Guid(85fe0ebd4e86846489f61740f277ec45) Importer(815301076,1909f56bfc062723c751e8b465ee728b)  -> (artifact id: 'f076a0bac49bc28ff878f09a03a7d4b1') in 0.025301 seconds 
========================================================================
Received Import Request.
  Time since last request: 0.000025 seconds.
  path: Packages/com.unity.collab-proxy/Editor/PlasticSCM/Assets/Images/iconbranch@2x.png
  artifactKey: Guid(e45389a8a97044d4caf408f252370632) Importer(815301076,1909f56bfc062723c751e8b465ee728b)
Start importing Packages/com.unity.collab-proxy/Editor/PlasticSCM/Assets/Images/iconbranch@2x.png using Guid(e45389a8a97044d4caf408f252370632) Importer(815301076,1909f56bfc062723c751e8b465ee728b)  -> (artifact id: '77ac9c0a1f12d4734ca02ce57e1ca43f') in 0.034422 seconds 
========================================================================
Received Import Request.
  Time since last request: 0.000036 seconds.
  path: Packages/com.unity.collab-proxy/Editor/PlasticSCM/Assets/Images/iconbranch.png
  artifactKey: Guid(a6219d44b6fc910449f7c3fee45db5c5) Importer(815301076,1909f56bfc062723c751e8b465ee728b)
Start importing Packages/com.unity.collab-proxy/Editor/PlasticSCM/Assets/Images/iconbranch.png using Guid(a6219d44b6fc910449f7c3fee45db5c5) Importer(815301076,1909f56bfc062723c751e8b465ee728b)  -> (artifact id: 'fd9b62a2d452ed2d32fffbc85cc8603d') in 0.030868 seconds 
========================================================================
Received Import Request.
  Time since last request: 3.220273 seconds.
  path: Assets/Images/Kenney Prototype Texture/Light/texture_10.png
  artifactKey: Guid(709425f2442b1c34a83635eddb599454) Importer(815301076,1909f56bfc062723c751e8b465ee728b)
Start importing Assets/Images/Kenney Prototype Texture/Light/texture_10.png using Guid(709425f2442b1c34a83635eddb599454) Importer(815301076,1909f56bfc062723c751e8b465ee728b)  -> (artifact id: 'f4cf395de1ffa6500a17354b4f596c1f') in 0.020911 seconds 
========================================================================
Received Import Request.
  Time since last request: 0.000035 seconds.
  path: Assets/Images/Kenney Prototype Texture/Purple/texture_11.png
  artifactKey: Guid(f2a77d51bde251345a7130f0b9a2ce64) Importer(815301076,1909f56bfc062723c751e8b465ee728b)
Start importing Assets/Images/Kenney Prototype Texture/Purple/texture_11.png using Guid(f2a77d51bde251345a7130f0b9a2ce64) Importer(815301076,1909f56bfc062723c751e8b465ee728b)  -> (artifact id: 'dc8354d46db289649e8c4c4c87bd17ff') in 0.021745 seconds 
========================================================================
Received Import Request.
  Time since last request: 0.000076 seconds.
  path: Packages/com.unity.textmeshpro/Editor Resources/Gizmos/TMP - Text Component Icon.psd
  artifactKey: Guid(2fd6421f253b4ef1a19526541f9ffc0c) Importer(815301076,1909f56bfc062723c751e8b465ee728b)
Start importing Packages/com.unity.textmeshpro/Editor Resources/Gizmos/TMP - Text Component Icon.psd using Guid(2fd6421f253b4ef1a19526541f9ffc0c) Importer(815301076,1909f56bfc062723c751e8b465ee728b)  -> (artifact id: '6987c0a648b2a421f1f1286b6d13dd0d') in 0.051965 seconds 
========================================================================
Received Import Request.
  Time since last request: 0.000035 seconds.
  path: Assets/Images/Kenney Prototype Texture/Light/texture_13.png
  artifactKey: Guid(79f32ca53bfb1c2499b0bd3fc46f07ff) Importer(815301076,1909f56bfc062723c751e8b465ee728b)
Start importing Assets/Images/Kenney Prototype Texture/Light/texture_13.png using Guid(79f32ca53bfb1c2499b0bd3fc46f07ff) Importer(815301076,1909f56bfc062723c751e8b465ee728b)  -> (artifact id: 'd06fa35c067108977bb9f0a919b9b20f') in 0.018809 seconds 
========================================================================
Received Import Request.
  Time since last request: 0.000037 seconds.
  path: Assets/Images/Kenney Prototype Texture/Orange/texture_12.png
  artifactKey: Guid(35ec74bd7c2fb2d47b808e8a30a5fa27) Importer(815301076,1909f56bfc062723c751e8b465ee728b)
Start importing Assets/Images/Kenney Prototype Texture/Orange/texture_12.png using Guid(35ec74bd7c2fb2d47b808e8a30a5fa27) Importer(815301076,1909f56bfc062723c751e8b465ee728b)  -> (artifact id: '79a8eaa986da0c899f695994d45c9475') in 0.021941 seconds 
========================================================================
Received Import Request.
  Time since last request: 0.000033 seconds.
  path: Assets/Images/Kenney Prototype Texture/Dark/texture_12.png
  artifactKey: Guid(013a80e88ed046043ba71a7ae8d5ad5f) Importer(815301076,1909f56bfc062723c751e8b465ee728b)
Start importing Assets/Images/Kenney Prototype Texture/Dark/texture_12.png using Guid(013a80e88ed046043ba71a7ae8d5ad5f) Importer(815301076,1909f56bfc062723c751e8b465ee728b)  -> (artifact id: '347be9b2b48cd742a58dfbba2247abd7') in 0.019372 seconds 
========================================================================
Received Import Request.
  Time since last request: 0.000039 seconds.
  path: Assets/Images/Kenney Prototype Texture/Orange/texture_13.png
  artifactKey: Guid(2706179543f43dd4b9ec7e0c994d26e6) Importer(815301076,1909f56bfc062723c751e8b465ee728b)
Start importing Assets/Images/Kenney Prototype Texture/Orange/texture_13.png using Guid(2706179543f43dd4b9ec7e0c994d26e6) Importer(815301076,1909f56bfc062723c751e8b465ee728b)  -> (artifact id: '7f1e2d4415c3b3fb3209a208c8aabcb9') in 0.017642 seconds 
========================================================================
Received Import Request.
  Time since last request: 0.000056 seconds.
  path: Assets/Images/Kenney Prototype Texture/Orange/texture_11.png
  artifactKey: Guid(3c99a5e457e51f04d8b6d40a80434e8b) Importer(815301076,1909f56bfc062723c751e8b465ee728b)
Start importing Assets/Images/Kenney Prototype Texture/Orange/texture_11.png using Guid(3c99a5e457e51f04d8b6d40a80434e8b) Importer(815301076,1909f56bfc062723c751e8b465ee728b)  -> (artifact id: '9a3d467b31f6b60a8aa588086067a17e') in 0.022772 seconds 
========================================================================
Received Import Request.
  Time since last request: 0.000056 seconds.
  path: Assets/Images/Kenney Prototype Texture/Green/texture_10.png
  artifactKey: Guid(e3abbb7164937984e97f4ad3c8e61ea9) Importer(815301076,1909f56bfc062723c751e8b465ee728b)
Start importing Assets/Images/Kenney Prototype Texture/Green/texture_10.png using Guid(e3abbb7164937984e97f4ad3c8e61ea9) Importer(815301076,1909f56bfc062723c751e8b465ee728b)  -> (artifact id: '18105a2db72943309627d76870a758c2') in 0.026994 seconds 
========================================================================
Received Import Request.
  Time since last request: 0.000024 seconds.
  path: Assets/Images/Kenney Prototype Texture/Dark/texture_13.png
  artifactKey: Guid(2740031bb51aff64aa39d23b9949fb56) Importer(815301076,1909f56bfc062723c751e8b465ee728b)
Start importing Assets/Images/Kenney Prototype Texture/Dark/texture_13.png using Guid(2740031bb51aff64aa39d23b9949fb56) Importer(815301076,1909f56bfc062723c751e8b465ee728b)  -> (artifact id: 'fd92838524ca904d25e6358053bbd2d5') in 0.018029 seconds 
========================================================================
Received Import Request.
  Time since last request: 0.000051 seconds.
  path: Assets/Images/Kenney Prototype Texture/Red/texture_11.png
  artifactKey: Guid(eb9756673f914ff49b699816aac08323) Importer(815301076,1909f56bfc062723c751e8b465ee728b)
Start importing Assets/Images/Kenney Prototype Texture/Red/texture_11.png using Guid(eb9756673f914ff49b699816aac08323) Importer(815301076,1909f56bfc062723c751e8b465ee728b)  -> (artifact id: 'a79e1721f6efbfc9bad6a4d881ef4cc4') in 0.016571 seconds 
========================================================================
Received Import Request.
  Time since last request: 0.000039 seconds.
  path: Assets/Images/Kenney Prototype Texture/Red/texture_13.png
  artifactKey: Guid(a26efa0d8ccff834b92bbc2cfb2ea3a4) Importer(815301076,1909f56bfc062723c751e8b465ee728b)
Start importing Assets/Images/Kenney Prototype Texture/Red/texture_13.png using Guid(a26efa0d8ccff834b92bbc2cfb2ea3a4) Importer(815301076,1909f56bfc062723c751e8b465ee728b)  -> (artifact id: '3bfc4dcbcc12a19d4702ccdb13639d2a') in 0.015676 seconds 
========================================================================
Received Import Request.
  Time since last request: 9.883361 seconds.
  path: Packages/com.unity.probuilder/Content/Icons/Toolbar/Background/AccentBar_Bottom.png
  artifactKey: Guid(19fabf6370255433fa736008910e1bf2) Importer(815301076,1909f56bfc062723c751e8b465ee728b)
Start importing Packages/com.unity.probuilder/Content/Icons/Toolbar/Background/AccentBar_Bottom.png using Guid(19fabf6370255433fa736008910e1bf2) Importer(815301076,1909f56bfc062723c751e8b465ee728b)  -> (artifact id: '2439d12b4550eb5b88056471d3adff1c') in 0.028077 seconds 
========================================================================
Received Import Request.
  Time since last request: 0.000035 seconds.
  path: Packages/com.unity.textmeshpro/Editor Resources/Textures/btn_AlignBaseLine_Light.psd
  artifactKey: Guid(18775b51e3bd42299fd30bd036ea982f) Importer(815301076,1909f56bfc062723c751e8b465ee728b)
Start importing Packages/com.unity.textmeshpro/Editor Resources/Textures/btn_AlignBaseLine_Light.psd using Guid(18775b51e3bd42299fd30bd036ea982f) Importer(815301076,1909f56bfc062723c751e8b465ee728b)  -> (artifact id: '42cfc1279a46fbaf1919953bf728d691') in 0.028363 seconds 
========================================================================
Received Import Request.
  Time since last request: 0.000057 seconds.
  path: Packages/com.unity.probuilder/Content/Icons/Tools/ShapeTool/on/Arch.png
  artifactKey: Guid(59174e0e17d65334da602fa20193c69e) Importer(815301076,1909f56bfc062723c751e8b465ee728b)
Start importing Packages/com.unity.probuilder/Content/Icons/Tools/ShapeTool/on/Arch.png using Guid(59174e0e17d65334da602fa20193c69e) Importer(815301076,1909f56bfc062723c751e8b465ee728b)  -> (artifact id: '8a120a8115c11c26be3528e801fe4268') in 0.030059 seconds 
========================================================================
Received Import Request.
  Time since last request: 0.000033 seconds.
  path: Packages/com.unity.collab-proxy/Editor/Collaborate/Assets/Icons/back-light@2x.png
  artifactKey: Guid(f5c57327df0fa294c8209aa216435167) Importer(815301076,1909f56bfc062723c751e8b465ee728b)
Start importing Packages/com.unity.collab-proxy/Editor/Collaborate/Assets/Icons/back-light@2x.png using Guid(f5c57327df0fa294c8209aa216435167) Importer(815301076,1909f56bfc062723c751e8b465ee728b)  -> (artifact id: 'd2f75ddf09df99fe187db24f59536fc6') in 0.029730 seconds 
========================================================================
Received Import Request.
  Time since last request: 0.000059 seconds.
  path: Packages/com.unity.textmeshpro/Editor Resources/Textures/btn_AlignBottom.psd
  artifactKey: Guid(ca51b19024094d1b87f3e07edb0a75fb) Importer(815301076,1909f56bfc062723c751e8b465ee728b)
Start importing Packages/com.unity.textmeshpro/Editor Resources/Textures/btn_AlignBottom.psd using Guid(ca51b19024094d1b87f3e07edb0a75fb) Importer(815301076,1909f56bfc062723c751e8b465ee728b)  -> (artifact id: '688a0ac957d3505814a3661651efcf76') in 0.036764 seconds 
========================================================================
Received Import Request.
  Time since last request: 0.000063 seconds.
  path: Packages/com.unity.textmeshpro/Editor Resources/Textures/btn_AlignBottom_Light.psd
  artifactKey: Guid(585b70cb75dd43efbfead809c30a1731) Importer(815301076,1909f56bfc062723c751e8b465ee728b)
Start importing Packages/com.unity.textmeshpro/Editor Resources/Textures/btn_AlignBottom_Light.psd using Guid(585b70cb75dd43efbfead809c30a1731) Importer(815301076,1909f56bfc062723c751e8b465ee728b)  -> (artifact id: '4236eaaea3dbcc2795706b84fd959930') in 0.025145 seconds 
========================================================================
Received Import Request.
  Time since last request: 0.000037 seconds.
  path: Packages/com.unity.probuilder/Content/Icons/Toolbar/AltButton_Normal.png
  artifactKey: Guid(c175d9b0ccfa2428ea936c9c6b654bd1) Importer(815301076,1909f56bfc062723c751e8b465ee728b)
Start importing Packages/com.unity.probuilder/Content/Icons/Toolbar/AltButton_Normal.png using Guid(c175d9b0ccfa2428ea936c9c6b654bd1) Importer(815301076,1909f56bfc062723c751e8b465ee728b)  -> (artifact id: '239e12b0fac38369fea616d4d5486a67') in 0.017094 seconds 
========================================================================
Received Import Request.
  Time since last request: 0.000043 seconds.
  path: Packages/com.unity.collab-proxy/Editor/Collaborate/Assets/Icons/added-file-light@2x.png
  artifactKey: Guid(ec2e3aa6d0ab8ce4eac29b56d65d61d5) Importer(815301076,1909f56bfc062723c751e8b465ee728b)
Start importing Packages/com.unity.collab-proxy/Editor/Collaborate/Assets/Icons/added-file-light@2x.png using Guid(ec2e3aa6d0ab8ce4eac29b56d65d61d5) Importer(815301076,1909f56bfc062723c751e8b465ee728b)  -> (artifact id: '8b04406f8e9702422e7b6500c8f70b7b') in 0.028098 seconds 
========================================================================
Received Import Request.
  Time since last request: 0.000042 seconds.
  path: Packages/com.unity.probuilder/Content/Icons/Toolbar/Bezier_Mirrored.png
  artifactKey: Guid(ef7e9b1becafe43e08ebc38b881ce60d) Importer(815301076,1909f56bfc062723c751e8b465ee728b)
Start importing Packages/com.unity.probuilder/Content/Icons/Toolbar/Bezier_Mirrored.png using Guid(ef7e9b1becafe43e08ebc38b881ce60d) Importer(815301076,1909f56bfc062723c751e8b465ee728b)  -> (artifact id: '8fd34b97cf25895808329b1700aa70e9') in 0.028693 seconds 
========================================================================
Received Import Request.
  Time since last request: 0.922121 seconds.
  path: Packages/com.unity.probuilder/Content/Icons/UVEditor/ProBuilderGUI_UV_ShowTexture_Off.png
  artifactKey: Guid(dbb4b574fd7ee40eb876528351e6f9ad) Importer(815301076,1909f56bfc062723c751e8b465ee728b)
Start importing Packages/com.unity.probuilder/Content/Icons/UVEditor/ProBuilderGUI_UV_ShowTexture_Off.png using Guid(dbb4b574fd7ee40eb876528351e6f9ad) Importer(815301076,1909f56bfc062723c751e8b465ee728b)  -> (artifact id: '12b8d1f6a2e6251452e913035a9e0615') in 0.033790 seconds 
========================================================================
Received Import Request.
  Time since last request: 0.000034 seconds.
  path: Assets/Images/Kenney Prototype Texture/Purple/texture_04.png
  artifactKey: Guid(5fa030dabe5a06245be5a1fac5eabed9) Importer(815301076,1909f56bfc062723c751e8b465ee728b)
Start importing Assets/Images/Kenney Prototype Texture/Purple/texture_04.png using Guid(5fa030dabe5a06245be5a1fac5eabed9) Importer(815301076,1909f56bfc062723c751e8b465ee728b)  -> (artifact id: '41273ee19afa61a4ee183ec6abb35777') in 0.019730 seconds 
========================================================================
Received Import Request.
  Time since last request: 0.000060 seconds.
  path: Assets/Images/Kenney Prototype Texture/Orange/texture_02.png
  artifactKey: Guid(ff289ea402b54374c879f27e3d5e5936) Importer(815301076,1909f56bfc062723c751e8b465ee728b)
Start importing Assets/Images/Kenney Prototype Texture/Orange/texture_02.png using Guid(ff289ea402b54374c879f27e3d5e5936) Importer(815301076,1909f56bfc062723c751e8b465ee728b)  -> (artifact id: '631dc24f6856740d3aadca252e1995fa') in 0.018511 seconds 
========================================================================
Received Import Request.
  Time since last request: 0.000043 seconds.
  path: Assets/Images/Kenney Prototype Texture/Green/texture_02.png
  artifactKey: Guid(f31bde3a0bb5cb44f9e4529cf19bd798) Importer(815301076,1909f56bfc062723c751e8b465ee728b)
Start importing Assets/Images/Kenney Prototype Texture/Green/texture_02.png using Guid(f31bde3a0bb5cb44f9e4529cf19bd798) Importer(815301076,1909f56bfc062723c751e8b465ee728b)  -> (artifact id: '2af9d1e086144e7ae27bb7b1efe2a14a') in 0.018678 seconds 
========================================================================
Received Import Request.
  Time since last request: 0.000079 seconds.
  path: Assets/Images/Kenney Prototype Texture/Red/texture_04.png
  artifactKey: Guid(fd2a1cf0e5381114a815b0ede127fed3) Importer(815301076,1909f56bfc062723c751e8b465ee728b)
Start importing Assets/Images/Kenney Prototype Texture/Red/texture_04.png using Guid(fd2a1cf0e5381114a815b0ede127fed3) Importer(815301076,1909f56bfc062723c751e8b465ee728b)  -> (artifact id: 'e0d235acd052885cb837c7e993ba5ac8') in 0.017229 seconds 
========================================================================
Received Import Request.
  Time since last request: 0.000095 seconds.
  path: Assets/Images/Kenney Prototype Texture/Purple/texture_05.png
  artifactKey: Guid(50c8e6f7711b90947855ed86d9d32c0d) Importer(815301076,1909f56bfc062723c751e8b465ee728b)
Start importing Assets/Images/Kenney Prototype Texture/Purple/texture_05.png using Guid(50c8e6f7711b90947855ed86d9d32c0d) Importer(815301076,1909f56bfc062723c751e8b465ee728b)  -> (artifact id: 'c0ba032dc92c259d7edad073a9be5f34') in 0.017320 seconds 
========================================================================
Received Import Request.
  Time since last request: 0.000037 seconds.
  path: Assets/Images/Kenney Prototype Texture/Orange/texture_05.png
  artifactKey: Guid(6dc5c30d31093344998239a1c7b5dd24) Importer(815301076,1909f56bfc062723c751e8b465ee728b)
Start importing Assets/Images/Kenney Prototype Texture/Orange/texture_05.png using Guid(6dc5c30d31093344998239a1c7b5dd24) Importer(815301076,1909f56bfc062723c751e8b465ee728b)  -> (artifact id: '73a393a60108aee2199321e3bddaf728') in 0.023295 seconds 
========================================================================
Received Import Request.
  Time since last request: 3.166796 seconds.
  path: Assets/Images/Kenney Prototype Texture/Dark/texture_05.png
  artifactKey: Guid(5d0d5d7f09c74ca40a494ba1801fb2ac) Importer(815301076,1909f56bfc062723c751e8b465ee728b)
Start importing Assets/Images/Kenney Prototype Texture/Dark/texture_05.png using Guid(5d0d5d7f09c74ca40a494ba1801fb2ac) Importer(815301076,1909f56bfc062723c751e8b465ee728b)  -> (artifact id: '16e4f62a5ede176a8300fc50c5e1aad5') in 0.028104 seconds 
========================================================================
Received Import Request.
  Time since last request: 0.000042 seconds.
  path: Assets/Images/Kenney Prototype Texture/Dark/texture_06.png
  artifactKey: Guid(464f3c3659f1ad941adbc752527dcb77) Importer(815301076,1909f56bfc062723c751e8b465ee728b)
Start importing Assets/Images/Kenney Prototype Texture/Dark/texture_06.png using Guid(464f3c3659f1ad941adbc752527dcb77) Importer(815301076,1909f56bfc062723c751e8b465ee728b)  -> (artifact id: '2dc8840f4dbd85433e83e1843721e78a') in 0.016711 seconds 
========================================================================
Received Import Request.
  Time since last request: 3.192583 seconds.
  path: Assets/Images/Kenney Prototype Texture/Purple/texture_06.png
  artifactKey: Guid(fed7c991c20a3a148b4f2108fb93b41e) Importer(815301076,1909f56bfc062723c751e8b465ee728b)
Start importing Assets/Images/Kenney Prototype Texture/Purple/texture_06.png using Guid(fed7c991c20a3a148b4f2108fb93b41e) Importer(815301076,1909f56bfc062723c751e8b465ee728b)  -> (artifact id: 'b78f8299786426d766944ec9612ba77f') in 0.028729 seconds 
========================================================================
Received Import Request.
  Time since last request: 0.036602 seconds.
  path: Assets/Images/Kenney Prototype Texture/Red/texture_07.png
  artifactKey: Guid(a7b35d79823ce9642850035e7cf5447f) Importer(815301076,1909f56bfc062723c751e8b465ee728b)
Start importing Assets/Images/Kenney Prototype Texture/Red/texture_07.png using Guid(a7b35d79823ce9642850035e7cf5447f) Importer(815301076,1909f56bfc062723c751e8b465ee728b)  -> (artifact id: '2622278c4f96d4a7b5b28c204882f9db') in 0.018912 seconds 
========================================================================
Received Import Request.
  Time since last request: 0.376671 seconds.
  path: Assets/Images/Kenney Prototype Texture/Red/texture_08.png
  artifactKey: Guid(66587f8bfb162334c9f05cf8d378b3ae) Importer(815301076,1909f56bfc062723c751e8b465ee728b)
Start importing Assets/Images/Kenney Prototype Texture/Red/texture_08.png using Guid(66587f8bfb162334c9f05cf8d378b3ae) Importer(815301076,1909f56bfc062723c751e8b465ee728b)  -> (artifact id: '022e7c2cd6a12228c721aa9181f687a0') in 0.024739 seconds 
========================================================================
Received Import Request.
  Time since last request: 0.000029 seconds.
  path: Assets/Images/Kenney Prototype Texture/Orange/texture_08.png
  artifactKey: Guid(494b5ec32ace0d4498399a75fd7a6ef2) Importer(815301076,1909f56bfc062723c751e8b465ee728b)
Start importing Assets/Images/Kenney Prototype Texture/Orange/texture_08.png using Guid(494b5ec32ace0d4498399a75fd7a6ef2) Importer(815301076,1909f56bfc062723c751e8b465ee728b)  -> (artifact id: '8e5666b9b8a6e4981b8fe28238416b7f') in 0.023473 seconds 
========================================================================
Received Import Request.
  Time since last request: 0.009127 seconds.
  path: Assets/Images/Kenney Prototype Texture/Dark/texture_09.png
  artifactKey: Guid(6a33396171bc4f545af71c595a6f8ec3) Importer(815301076,1909f56bfc062723c751e8b465ee728b)
Start importing Assets/Images/Kenney Prototype Texture/Dark/texture_09.png using Guid(6a33396171bc4f545af71c595a6f8ec3) Importer(815301076,1909f56bfc062723c751e8b465ee728b)  -> (artifact id: '0f0eccd12878db25d1189c0d31d94723') in 0.021134 seconds 
========================================================================
Received Import Request.
  Time since last request: 0.000032 seconds.
  path: Assets/Images/Kenney Prototype Texture/Purple/texture_09.png
  artifactKey: Guid(93a97703807b8b249b932675fb6c36c0) Importer(815301076,1909f56bfc062723c751e8b465ee728b)
Start importing Assets/Images/Kenney Prototype Texture/Purple/texture_09.png using Guid(93a97703807b8b249b932675fb6c36c0) Importer(815301076,1909f56bfc062723c751e8b465ee728b)  -> (artifact id: '6fdb1f6a6e9f5b8ab0ad97aff369b608') in 0.016445 seconds 
========================================================================
Received Import Request.
  Time since last request: 0.535354 seconds.
  path: Assets/Images/Kenney Prototype Texture/Red/texture_09.png
  artifactKey: Guid(35a82913fbae70a41b8030e9a7614a4c) Importer(815301076,1909f56bfc062723c751e8b465ee728b)
Start importing Assets/Images/Kenney Prototype Texture/Red/texture_09.png using Guid(35a82913fbae70a41b8030e9a7614a4c) Importer(815301076,1909f56bfc062723c751e8b465ee728b)  -> (artifact id: 'ff531c89e58848412b43476a406dcc75') in 0.024988 seconds 
========================================================================
Received Import Request.
  Time since last request: 0.134090 seconds.
  path: Assets/Images/Kenney Prototype Texture/Dark/texture_10.png
  artifactKey: Guid(e0107594e420da14cb9897098953e951) Importer(815301076,1909f56bfc062723c751e8b465ee728b)
Start importing Assets/Images/Kenney Prototype Texture/Dark/texture_10.png using Guid(e0107594e420da14cb9897098953e951) Importer(815301076,1909f56bfc062723c751e8b465ee728b)  -> (artifact id: '8cb827347a32e562513d7baf5b03fe1d') in 0.015810 seconds 
========================================================================
Received Import Request.
  Time since last request: 31.229081 seconds.
  path: Assets/Materials/ProBuilderDefault.mat
  artifactKey: Guid(d5fc7fac247d374459a6c46376cf81a4) Importer(815301076,1909f56bfc062723c751e8b465ee728b)
Start importing Assets/Materials/ProBuilderDefault.mat using Guid(d5fc7fac247d374459a6c46376cf81a4) Importer(815301076,1909f56bfc062723c751e8b465ee728b)  -> (artifact id: '064634ef41bf5bd31ad5d0c8c7ee1b0e') in 0.023268 seconds 
========================================================================
Received Import Request.
  Time since last request: 15.266013 seconds.
  path: Assets/Materials/PrototypeBlack.mat
  artifactKey: Guid(d5fc7fac247d374459a6c46376cf81a4) Importer(815301076,1909f56bfc062723c751e8b465ee728b)
Start importing Assets/Materials/PrototypeBlack.mat using Guid(d5fc7fac247d374459a6c46376cf81a4) Importer(815301076,1909f56bfc062723c751e8b465ee728b)  -> (artifact id: '3cdacb5a8c7b298e72e88cc35666f37c') in 0.016665 seconds 
========================================================================
Received Import Request.
  Time since last request: 24.149356 seconds.
  path: Packages/com.unity.timeline/Editor/StyleSheets/Images/Shared/Timeline-Marker-Multi-Overlay.png
  artifactKey: Guid(75f26f1c549568c4e9950a368bd08cb8) Importer(815301076,1909f56bfc062723c751e8b465ee728b)
Start importing Packages/com.unity.timeline/Editor/StyleSheets/Images/Shared/Timeline-Marker-Multi-Overlay.png using Guid(75f26f1c549568c4e9950a368bd08cb8) Importer(815301076,1909f56bfc062723c751e8b465ee728b)  -> (artifact id: '88db369b66d2db4ed7695427c46b5ab5') in 0.066428 seconds 
========================================================================
Received Import Request.
  Time since last request: 0.000036 seconds.
  path: Packages/com.unity.timeline/Editor/StyleSheets/Images/Shared/TimelineBottomShadow.png
  artifactKey: Guid(db66ea47c76423f4a881937d34495801) Importer(815301076,1909f56bfc062723c751e8b465ee728b)
Start importing Packages/com.unity.timeline/Editor/StyleSheets/Images/Shared/TimelineBottomShadow.png using Guid(db66ea47c76423f4a881937d34495801) Importer(815301076,1909f56bfc062723c751e8b465ee728b)  -> (artifact id: '8f34e548d254f09f0b436cc61e4c4c1c') in 0.030664 seconds 
========================================================================
Received Import Request.
  Time since last request: 0.000084 seconds.
  path: Packages/com.unity.timeline/Editor/StyleSheets/Images/DarkSkin/TimelineAutokey_active@2x.png
  artifactKey: Guid(183f7b7549219ab47becb461a16df882) Importer(815301076,1909f56bfc062723c751e8b465ee728b)
Start importing Packages/com.unity.timeline/Editor/StyleSheets/Images/DarkSkin/TimelineAutokey_active@2x.png using Guid(183f7b7549219ab47becb461a16df882) Importer(815301076,1909f56bfc062723c751e8b465ee728b)  -> (artifact id: 'cd629eb54599feecc461ef430d955e2d') in 0.025889 seconds 
========================================================================
Received Import Request.
  Time since last request: 0.000023 seconds.
  path: Packages/com.unity.timeline/Editor/StyleSheets/Images/LightSkin/TimelineAutokey.png
  artifactKey: Guid(af3aec622aef40c45813b39e405966a3) Importer(815301076,1909f56bfc062723c751e8b465ee728b)
Start importing Packages/com.unity.timeline/Editor/StyleSheets/Images/LightSkin/TimelineAutokey.png using Guid(af3aec622aef40c45813b39e405966a3) Importer(815301076,1909f56bfc062723c751e8b465ee728b)  -> (artifact id: '0d2d4989326e9f80f72ce958f0cdeac7') in 0.030242 seconds 
========================================================================
Received Import Request.
  Time since last request: 0.000044 seconds.
  path: Packages/com.unity.timeline/Editor/StyleSheets/Images/LightSkin/TimelineAutokey_active@2x.png
  artifactKey: Guid(f6717d61970edba4686c297677881a77) Importer(815301076,1909f56bfc062723c751e8b465ee728b)
Start importing Packages/com.unity.timeline/Editor/StyleSheets/Images/LightSkin/TimelineAutokey_active@2x.png using Guid(f6717d61970edba4686c297677881a77) Importer(815301076,1909f56bfc062723c751e8b465ee728b)  -> (artifact id: 'a9747663aba165f2ac50833cfb482aa7') in 0.024820 seconds 
========================================================================
Received Import Request.
  Time since last request: 0.000028 seconds.
  path: Packages/com.unity.timeline/Editor/StyleSheets/Images/LightSkin/TimelineActivation.png
  artifactKey: Guid(2887294cc7f1fe840bff6e349409648d) Importer(815301076,1909f56bfc062723c751e8b465ee728b)
Start importing Packages/com.unity.timeline/Editor/StyleSheets/Images/LightSkin/TimelineActivation.png using Guid(2887294cc7f1fe840bff6e349409648d) Importer(815301076,1909f56bfc062723c751e8b465ee728b)  -> (artifact id: 'ed95da175679548236381798bd15f353') in 0.024736 seconds 
========================================================================
Received Import Request.
  Time since last request: 0.000030 seconds.
  path: Packages/com.unity.timeline/Editor/StyleSheets/Images/Icons/TimelineClipBG.png
  artifactKey: Guid(d44fc8b11425e0043aa7c20a301ce707) Importer(815301076,1909f56bfc062723c751e8b465ee728b)
Start importing Packages/com.unity.timeline/Editor/StyleSheets/Images/Icons/TimelineClipBG.png using Guid(d44fc8b11425e0043aa7c20a301ce707) Importer(815301076,1909f56bfc062723c751e8b465ee728b)  -> (artifact id: '6e489d80d7faebd1149adbf10b64b199') in 0.025908 seconds 
========================================================================
Received Import Request.
  Time since last request: 0.000022 seconds.
  path: Packages/com.unity.timeline/Editor/StyleSheets/Images/DarkSkin/TimelineAutokey.png
  artifactKey: Guid(92b5e4310629b264dad0fb2cc196d818) Importer(815301076,1909f56bfc062723c751e8b465ee728b)
Start importing Packages/com.unity.timeline/Editor/StyleSheets/Images/DarkSkin/TimelineAutokey.png using Guid(92b5e4310629b264dad0fb2cc196d818) Importer(815301076,1909f56bfc062723c751e8b465ee728b)  -> (artifact id: 'f6588784b1df7b7ee230652f13e6fead') in 0.023644 seconds 
========================================================================
Received Import Request.
  Time since last request: 0.000023 seconds.
  path: Packages/com.unity.timeline/Editor/StyleSheets/Images/Icons/TimelineCollapseMarkerButtonEnabled.png
  artifactKey: Guid(0367ce1ebbbb18940b79eed63a0315d5) Importer(815301076,1909f56bfc062723c751e8b465ee728b)
Start importing Packages/com.unity.timeline/Editor/StyleSheets/Images/Icons/TimelineCollapseMarkerButtonEnabled.png using Guid(0367ce1ebbbb18940b79eed63a0315d5) Importer(815301076,1909f56bfc062723c751e8b465ee728b)  -> (artifact id: '8b36e49c72c46964a135c293897fa416') in 0.032406 seconds 
========================================================================
Received Import Request.
  Time since last request: 0.000058 seconds.
  path: Packages/com.unity.timeline/Editor/StyleSheets/Images/Icons/TimelineClipFG.png
  artifactKey: Guid(33b1871a2d09cfa459a93f4e8feb5c41) Importer(815301076,1909f56bfc062723c751e8b465ee728b)
Start importing Packages/com.unity.timeline/Editor/StyleSheets/Images/Icons/TimelineClipFG.png using Guid(33b1871a2d09cfa459a93f4e8feb5c41) Importer(815301076,1909f56bfc062723c751e8b465ee728b)  -> (artifact id: 'e965e64a2746852fbc3dc372895efc79') in 0.026697 seconds 
========================================================================
Received Import Request.
  Time since last request: 5.656643 seconds.
  path: Packages/com.unity.collab-proxy/Editor/PlasticSCM/Assets/Images/stepok@2x.png
  artifactKey: Guid(be340a165cb9c8d4cb50f1deeb51d4ea) Importer(815301076,1909f56bfc062723c751e8b465ee728b)
Start importing Packages/com.unity.collab-proxy/Editor/PlasticSCM/Assets/Images/stepok@2x.png using Guid(be340a165cb9c8d4cb50f1deeb51d4ea) Importer(815301076,1909f56bfc062723c751e8b465ee728b)  -> (artifact id: '380197d5f0096e9f3addb551dc476c30') in 0.031635 seconds 
========================================================================
Received Import Request.
  Time since last request: 0.146644 seconds.
  path: Packages/com.unity.collab-proxy/Editor/PlasticSCM/Assets/Images/step2.png
  artifactKey: Guid(cd0b17b71a5c498428ee91dee8a78a88) Importer(815301076,1909f56bfc062723c751e8b465ee728b)
Start importing Packages/com.unity.collab-proxy/Editor/PlasticSCM/Assets/Images/step2.png using Guid(cd0b17b71a5c498428ee91dee8a78a88) Importer(815301076,1909f56bfc062723c751e8b465ee728b)  -> (artifact id: '64bc8e00027bf6c9dad7a8f58547353b') in 0.040742 seconds 
========================================================================
Received Import Request.
  Time since last request: 0.000030 seconds.
  path: Packages/com.unity.collab-proxy/Editor/PlasticSCM/Assets/Images/stepok.png
  artifactKey: Guid(d4780dc1205c7c7478c970d8c61d24e8) Importer(815301076,1909f56bfc062723c751e8b465ee728b)
Start importing Packages/com.unity.collab-proxy/Editor/PlasticSCM/Assets/Images/stepok.png using Guid(d4780dc1205c7c7478c970d8c61d24e8) Importer(815301076,1909f56bfc062723c751e8b465ee728b)  -> (artifact id: 'a8273acd4b5fac9fb35b7265b3e18fc2') in 0.034640 seconds 
========================================================================
Received Import Request.
  Time since last request: 0.430653 seconds.
  path: Packages/com.unity.collab-proxy/Editor/Collaborate/Assets/Icons/status-warning-dark@2x.png
  artifactKey: Guid(98d032c68be4a784ab77b461c5341fc8) Importer(815301076,1909f56bfc062723c751e8b465ee728b)
Start importing Packages/com.unity.collab-proxy/Editor/Collaborate/Assets/Icons/status-warning-dark@2x.png using Guid(98d032c68be4a784ab77b461c5341fc8) Importer(815301076,1909f56bfc062723c751e8b465ee728b)  -> (artifact id: '81332ebe4b1a2478668df0e64e45d029') in 0.034058 seconds 
========================================================================
Received Import Request.
  Time since last request: 0.000026 seconds.
  path: Packages/com.unity.collab-proxy/Editor/PlasticSCM/Assets/Images/step1@2x.png
  artifactKey: Guid(affeade9874cf2347abb155e8d0db4d8) Importer(815301076,1909f56bfc062723c751e8b465ee728b)
Start importing Packages/com.unity.collab-proxy/Editor/PlasticSCM/Assets/Images/step1@2x.png using Guid(affeade9874cf2347abb155e8d0db4d8) Importer(815301076,1909f56bfc062723c751e8b465ee728b)  -> (artifact id: '0a11c32c9cd03d176e14ac82e416df91') in 0.031450 seconds 
========================================================================
Received Import Request.
  Time since last request: 0.005872 seconds.
  path: Packages/com.unity.collab-proxy/Editor/Collaborate/Assets/Icons/status-info-dark.png
  artifactKey: Guid(fa1ff86f20525894b9bd92f1b1909ccf) Importer(815301076,1909f56bfc062723c751e8b465ee728b)
Start importing Packages/com.unity.collab-proxy/Editor/Collaborate/Assets/Icons/status-info-dark.png using Guid(fa1ff86f20525894b9bd92f1b1909ccf) Importer(815301076,1909f56bfc062723c751e8b465ee728b)  -> (artifact id: '13f857c498cb1472b8b63c2b1da6cdfb') in 0.033362 seconds 
========================================================================
Received Import Request.
  Time since last request: 0.000031 seconds.
  path: Packages/com.unity.collab-proxy/Editor/Collaborate/Assets/Icons/status-warning-dark.png
  artifactKey: Guid(c2d8bb87691276f4d93f1b74330d1d90) Importer(815301076,1909f56bfc062723c751e8b465ee728b)
Start importing Packages/com.unity.collab-proxy/Editor/Collaborate/Assets/Icons/status-warning-dark.png using Guid(c2d8bb87691276f4d93f1b74330d1d90) Importer(815301076,1909f56bfc062723c751e8b465ee728b)  -> (artifact id: '0273632d53b0a8affc3bd7d329b8cb1e') in 0.030155 seconds 
========================================================================
Received Import Request.
  Time since last request: 0.003454 seconds.
  path: Packages/com.unity.probuilder/Content/Icons/Tools/ShapeTool/Stairs_Light.png
  artifactKey: Guid(e4b05266707f99b40a50fd3e83973928) Importer(815301076,1909f56bfc062723c751e8b465ee728b)
Start importing Packages/com.unity.probuilder/Content/Icons/Tools/ShapeTool/Stairs_Light.png using Guid(e4b05266707f99b40a50fd3e83973928) Importer(815301076,1909f56bfc062723c751e8b465ee728b)  -> (artifact id: '146ec2227bc45c454ae6245fe1109978') in 0.031140 seconds 
========================================================================
Received Import Request.
  Time since last request: 0.000029 seconds.
  path: Packages/com.unity.collab-proxy/Editor/Collaborate/Assets/Icons/status-error-light@2x.png
  artifactKey: Guid(b99e43bf99b3c954f91bde2ad0c1eac2) Importer(815301076,1909f56bfc062723c751e8b465ee728b)
Start importing Packages/com.unity.collab-proxy/Editor/Collaborate/Assets/Icons/status-error-light@2x.png using Guid(b99e43bf99b3c954f91bde2ad0c1eac2) Importer(815301076,1909f56bfc062723c751e8b465ee728b)  -> (artifact id: '080bb578fc22ed69a15ab5d387a1a9c8') in 0.024073 seconds 
========================================================================
Received Import Request.
  Time since last request: 42.801237 seconds.
  path: Assets/ProBuilder Data/Default Material Palette.asset
  artifactKey: Guid(25cef5af6a3c358438e8c766366459e9) Importer(815301076,1909f56bfc062723c751e8b465ee728b)
Start importing Assets/ProBuilder Data/Default Material Palette.asset using Guid(25cef5af6a3c358438e8c766366459e9) Importer(815301076,1909f56bfc062723c751e8b465ee728b)  -> (artifact id: 'f9e7dd3d800732bfa3a1931998de7435') in 0.016488 seconds 
========================================================================
Received Prepare
Registering precompiled user dll's ...
Registered in 0.011447 seconds.
Begin MonoManager ReloadAssembly
Symbol file LoadedFromMemory doesn't match image C:\Users\natan\OneDrive\Documentos\Unity Projects\UnityTestFPS\Library\PackageCache\com.unity.visualscripting@1.7.8\Editor\VisualScripting.Core\Dependencies\YamlDotNet\Unity.VisualScripting.YamlDotNet.dll
Symbol file LoadedFromMemory doesn't match image C:\Users\natan\OneDrive\Documentos\Unity Projects\UnityTestFPS\Library\PackageCache\com.unity.visualscripting@1.7.8\Editor\VisualScripting.Core\Dependencies\DotNetZip\Unity.VisualScripting.IonicZip.dll
Native extension for WindowsStandalone target not found
Native extension for WebGL target not found
Refreshing native plugins compatible for Editor in 0.79 ms, found 3 plugins.
Preloading 0 native plugins for Editor in 0.00 ms.
Mono: successfully reloaded assembly
- Completed reload, in  2.816 seconds
Domain Reload Profiling:
	ReloadAssembly (2824ms)
		BeginReloadAssembly (1268ms)
			ExecutionOrderSort (0ms)
			DisableScriptedObjects (43ms)
			BackupInstance (0ms)
			ReleaseScriptingObjects (0ms)
			CreateAndSetChildDomain (736ms)
		EndReloadAssembly (1347ms)
			LoadAssemblies (223ms)
			RebuildTransferFunctionScriptingTraits (1ms)
			SetupTypeCache (479ms)
			ReleaseScriptCaches (2ms)
			RebuildScriptCaches (67ms)
			SetupLoadedEditorAssemblies (536ms)
				LogAssemblyErrors (0ms)
				InitializePlatformSupportModulesInManaged (34ms)
				SetLoadedEditorAssemblies (3ms)
				RefreshPlugins (1ms)
				BeforeProcessingInitializeOnLoad (114ms)
				ProcessInitializeOnLoadAttributes (336ms)
				ProcessInitializeOnLoadMethodAttributes (39ms)
				AfterProcessingInitializeOnLoad (10ms)
				EditorAssembliesLoaded (0ms)
			ExecutionOrderSort2 (0ms)
			AwakeInstancesAfterBackupRestoration (9ms)
Platform modules already initialized, skipping
Refreshing native plugins compatible for Editor in 4.14 ms, found 3 plugins.
Preloading 0 native plugins for Editor in 0.00 ms.
Unloading 3717 Unused Serialized files (Serialized files now loaded: 0)
Unloading 21 unused Assets / (142.4 KB). Loaded Objects now: 4264.
Memory consumption went from 136.2 MB to 136.1 MB.
Total: 9.580100 ms (FindLiveObjects: 0.296600 ms CreateObjectMapping: 0.123900 ms MarkObjects: 8.412900 ms  DeleteObjects: 0.744800 ms)

AssetImportParameters requested are different than current active one (requested -> active):
  custom:video-decoder-ogg-theora: a1e56fd34408186e4bbccfd4996cb3dc -> 
  custom:container-muxer-webm: aa71ff27fc2769a1b78a27578f13a17b -> 
  custom:container-demuxer-webm: 4f35f7cbe854078d1ac9338744f61a02 -> 
  custom:video-encoder-webm-vp8: eb34c28f22e8b96e1ab97ce403110664 -> 
  custom:video-codec-MediaFoundation-h265: 746d11721c4dcdbdad8f713fa42b33f4 -> 
  custom:audio-encoder-webm-vorbis: bf7c407c2cedff20999df2af8eb42d56 -> 
  custom:framework-win-MediaFoundation: 216162199b28c13a410421893ffa2e32 -> 
  custom:container-demuxer-ogg: 62fdf1f143b41e24485cea50d1cbac27 -> 
  custom:video-decoder-webm-vp8: 9c59270c3fd7afecdb556c50c9e8de78 -> 
  custom:audio-decoder-ogg-vorbis: bf7c407c2cedff20999df2af8eb42d56 -> 
========================================================================
Received Import Request.
  Time since last request: 1786.086272 seconds.
  path: Assets/Resources/Prefabs/Player.prefab
  artifactKey: Guid(680a11299af23874bbc0b94457026c5e) Importer(815301076,1909f56bfc062723c751e8b465ee728b)
Start importing Assets/Resources/Prefabs/Player.prefab using Guid(680a11299af23874bbc0b94457026c5e) Importer(815301076,1909f56bfc062723c751e8b465ee728b)  -> (artifact id: 'c4defa58fb2108edd842fdaf001f9e93') in 0.271116 seconds 
========================================================================
Received Import Request.
  Time since last request: 72.858815 seconds.
  path: ProjectSettings/TagManager.asset
  artifactKey: Guid(00000000000000003000000000000000) Importer(815301076,1909f56bfc062723c751e8b465ee728b)
Start importing ProjectSettings/TagManager.asset using Guid(00000000000000003000000000000000) Importer(815301076,1909f56bfc062723c751e8b465ee728b)  -> (artifact id: '5f74b9f0782f3ffe8a654b2b60a9f33c') in 0.011962 seconds 
========================================================================
Received Prepare
Registering precompiled user dll's ...
Registered in 0.003836 seconds.
Begin MonoManager ReloadAssembly
Symbol file LoadedFromMemory doesn't match image C:\Users\natan\OneDrive\Documentos\Unity Projects\UnityTestFPS\Library\PackageCache\com.unity.visualscripting@1.7.8\Editor\VisualScripting.Core\Dependencies\YamlDotNet\Unity.VisualScripting.YamlDotNet.dll
Symbol file LoadedFromMemory doesn't match image C:\Users\natan\OneDrive\Documentos\Unity Projects\UnityTestFPS\Library\PackageCache\com.unity.visualscripting@1.7.8\Editor\VisualScripting.Core\Dependencies\DotNetZip\Unity.VisualScripting.IonicZip.dll
Native extension for WindowsStandalone target not found
Native extension for WebGL target not found
Refreshing native plugins compatible for Editor in 1.22 ms, found 3 plugins.
Preloading 0 native plugins for Editor in 0.00 ms.
Mono: successfully reloaded assembly
- Completed reload, in  1.245 seconds
Domain Reload Profiling:
	ReloadAssembly (1246ms)
		BeginReloadAssembly (306ms)
			ExecutionOrderSort (0ms)
			DisableScriptedObjects (11ms)
			BackupInstance (0ms)
			ReleaseScriptingObjects (0ms)
			CreateAndSetChildDomain (148ms)
		EndReloadAssembly (828ms)
			LoadAssemblies (121ms)
			RebuildTransferFunctionScriptingTraits (0ms)
			SetupTypeCache (306ms)
			ReleaseScriptCaches (3ms)
			RebuildScriptCaches (46ms)
			SetupLoadedEditorAssemblies (331ms)
				LogAssemblyErrors (0ms)
				InitializePlatformSupportModulesInManaged (18ms)
				SetLoadedEditorAssemblies (1ms)
				RefreshPlugins (1ms)
				BeforeProcessingInitializeOnLoad (65ms)
				ProcessInitializeOnLoadAttributes (216ms)
				ProcessInitializeOnLoadMethodAttributes (24ms)
				AfterProcessingInitializeOnLoad (5ms)
				EditorAssembliesLoaded (0ms)
			ExecutionOrderSort2 (0ms)
			AwakeInstancesAfterBackupRestoration (5ms)
Platform modules already initialized, skipping
Refreshing native plugins compatible for Editor in 1.61 ms, found 3 plugins.
Preloading 0 native plugins for Editor in 0.00 ms.
Unloading 3717 Unused Serialized files (Serialized files now loaded: 0)
Unloading 22 unused Assets / (142.2 KB). Loaded Objects now: 4267.
Memory consumption went from 136.3 MB to 136.1 MB.
Total: 6.539200 ms (FindLiveObjects: 0.705100 ms CreateObjectMapping: 0.672200 ms MarkObjects: 4.889200 ms  DeleteObjects: 0.269400 ms)

AssetImportParameters requested are different than current active one (requested -> active):
  custom:video-decoder-ogg-theora: a1e56fd34408186e4bbccfd4996cb3dc -> 
  custom:container-muxer-webm: aa71ff27fc2769a1b78a27578f13a17b -> 
  custom:container-demuxer-webm: 4f35f7cbe854078d1ac9338744f61a02 -> 
  custom:video-encoder-webm-vp8: eb34c28f22e8b96e1ab97ce403110664 -> 
  custom:video-codec-MediaFoundation-h265: 746d11721c4dcdbdad8f713fa42b33f4 -> 
  custom:audio-encoder-webm-vorbis: bf7c407c2cedff20999df2af8eb42d56 -> 
  custom:framework-win-MediaFoundation: 216162199b28c13a410421893ffa2e32 -> 
  custom:container-demuxer-ogg: 62fdf1f143b41e24485cea50d1cbac27 -> 
  custom:video-decoder-webm-vp8: 9c59270c3fd7afecdb556c50c9e8de78 -> 
  custom:audio-decoder-ogg-vorbis: bf7c407c2cedff20999df2af8eb42d56 -> 
========================================================================
Received Prepare
Registering precompiled user dll's ...
Registered in 0.005011 seconds.
Begin MonoManager ReloadAssembly
Symbol file LoadedFromMemory doesn't match image C:\Users\natan\OneDrive\Documentos\Unity Projects\UnityTestFPS\Library\PackageCache\com.unity.visualscripting@1.7.8\Editor\VisualScripting.Core\Dependencies\YamlDotNet\Unity.VisualScripting.YamlDotNet.dll
Symbol file LoadedFromMemory doesn't match image C:\Users\natan\OneDrive\Documentos\Unity Projects\UnityTestFPS\Library\PackageCache\com.unity.visualscripting@1.7.8\Editor\VisualScripting.Core\Dependencies\DotNetZip\Unity.VisualScripting.IonicZip.dll
Native extension for WindowsStandalone target not found
Native extension for WebGL target not found
Refreshing native plugins compatible for Editor in 0.80 ms, found 3 plugins.
Preloading 0 native plugins for Editor in 0.00 ms.
Mono: successfully reloaded assembly
- Completed reload, in  0.814 seconds
Domain Reload Profiling:
	ReloadAssembly (815ms)
		BeginReloadAssembly (109ms)
			ExecutionOrderSort (0ms)
			DisableScriptedObjects (4ms)
			BackupInstance (0ms)
			ReleaseScriptingObjects (0ms)
			CreateAndSetChildDomain (33ms)
		EndReloadAssembly (633ms)
			LoadAssemblies (65ms)
			RebuildTransferFunctionScriptingTraits (0ms)
			SetupTypeCache (196ms)
			ReleaseScriptCaches (2ms)
			RebuildScriptCaches (38ms)
			SetupLoadedEditorAssemblies (288ms)
				LogAssemblyErrors (0ms)
				InitializePlatformSupportModulesInManaged (12ms)
				SetLoadedEditorAssemblies (0ms)
				RefreshPlugins (1ms)
				BeforeProcessingInitializeOnLoad (62ms)
				ProcessInitializeOnLoadAttributes (186ms)
				ProcessInitializeOnLoadMethodAttributes (23ms)
				AfterProcessingInitializeOnLoad (4ms)
				EditorAssembliesLoaded (1ms)
			ExecutionOrderSort2 (0ms)
			AwakeInstancesAfterBackupRestoration (7ms)
Platform modules already initialized, skipping
Refreshing native plugins compatible for Editor in 1.38 ms, found 3 plugins.
Preloading 0 native plugins for Editor in 0.00 ms.
Unloading 3717 Unused Serialized files (Serialized files now loaded: 0)
Unloading 21 unused Assets / (134.5 KB). Loaded Objects now: 4270.
Memory consumption went from 136.3 MB to 136.1 MB.
Total: 4.418500 ms (FindLiveObjects: 0.274000 ms CreateObjectMapping: 0.610600 ms MarkObjects: 3.403400 ms  DeleteObjects: 0.128800 ms)

AssetImportParameters requested are different than current active one (requested -> active):
  custom:video-decoder-ogg-theora: a1e56fd34408186e4bbccfd4996cb3dc -> 
  custom:container-muxer-webm: aa71ff27fc2769a1b78a27578f13a17b -> 
  custom:container-demuxer-webm: 4f35f7cbe854078d1ac9338744f61a02 -> 
  custom:video-encoder-webm-vp8: eb34c28f22e8b96e1ab97ce403110664 -> 
  custom:video-codec-MediaFoundation-h265: 746d11721c4dcdbdad8f713fa42b33f4 -> 
  custom:audio-encoder-webm-vorbis: bf7c407c2cedff20999df2af8eb42d56 -> 
  custom:framework-win-MediaFoundation: 216162199b28c13a410421893ffa2e32 -> 
  custom:container-demuxer-ogg: 62fdf1f143b41e24485cea50d1cbac27 -> 
  custom:video-decoder-webm-vp8: 9c59270c3fd7afecdb556c50c9e8de78 -> 
  custom:audio-decoder-ogg-vorbis: bf7c407c2cedff20999df2af8eb42d56 -> 
========================================================================
Received Import Request.
  Time since last request: 84.932129 seconds.
  path: ProjectSettings/TagManager.asset
  artifactKey: Guid(00000000000000003000000000000000) Importer(815301076,1909f56bfc062723c751e8b465ee728b)
Start importing ProjectSettings/TagManager.asset using Guid(00000000000000003000000000000000) Importer(815301076,1909f56bfc062723c751e8b465ee728b)  -> (artifact id: 'a956c36917366c74eed5c8bf5e91bac8') in 0.028211 seconds 
========================================================================
Received Import Request.
  Time since last request: 51.815837 seconds.
  path: Assets/Scripts/FpsController.cs
  artifactKey: Guid(d51bdb5febf4bac42bbc2f1b4af1ca37) Importer(815301076,1909f56bfc062723c751e8b465ee728b)
Start importing Assets/Scripts/FpsController.cs using Guid(d51bdb5febf4bac42bbc2f1b4af1ca37) Importer(815301076,1909f56bfc062723c751e8b465ee728b)  -> (artifact id: 'b32c5a2f0dd3fbac435467725492becd') in 0.019924 seconds 
========================================================================
Received Prepare
Registering precompiled user dll's ...
Registered in 0.003717 seconds.
Begin MonoManager ReloadAssembly
Symbol file LoadedFromMemory doesn't match image C:\Users\natan\OneDrive\Documentos\Unity Projects\UnityTestFPS\Library\PackageCache\com.unity.visualscripting@1.7.8\Editor\VisualScripting.Core\Dependencies\YamlDotNet\Unity.VisualScripting.YamlDotNet.dll
Symbol file LoadedFromMemory doesn't match image C:\Users\natan\OneDrive\Documentos\Unity Projects\UnityTestFPS\Library\PackageCache\com.unity.visualscripting@1.7.8\Editor\VisualScripting.Core\Dependencies\DotNetZip\Unity.VisualScripting.IonicZip.dll
Native extension for WindowsStandalone target not found
Native extension for WebGL target not found
Refreshing native plugins compatible for Editor in 0.96 ms, found 3 plugins.
Preloading 0 native plugins for Editor in 0.00 ms.
Mono: successfully reloaded assembly
- Completed reload, in  1.197 seconds
Domain Reload Profiling:
	ReloadAssembly (1199ms)
		BeginReloadAssembly (230ms)
			ExecutionOrderSort (0ms)
			DisableScriptedObjects (12ms)
			BackupInstance (0ms)
			ReleaseScriptingObjects (0ms)
			CreateAndSetChildDomain (77ms)
		EndReloadAssembly (862ms)
			LoadAssemblies (178ms)
			RebuildTransferFunctionScriptingTraits (0ms)
			SetupTypeCache (300ms)
			ReleaseScriptCaches (2ms)
			RebuildScriptCaches (46ms)
			SetupLoadedEditorAssemblies (320ms)
				LogAssemblyErrors (0ms)
				InitializePlatformSupportModulesInManaged (14ms)
				SetLoadedEditorAssemblies (1ms)
				RefreshPlugins (1ms)
				BeforeProcessingInitializeOnLoad (61ms)
				ProcessInitializeOnLoadAttributes (208ms)
				ProcessInitializeOnLoadMethodAttributes (28ms)
				AfterProcessingInitializeOnLoad (6ms)
				EditorAssembliesLoaded (1ms)
			ExecutionOrderSort2 (0ms)
			AwakeInstancesAfterBackupRestoration (6ms)
Platform modules already initialized, skipping
Refreshing native plugins compatible for Editor in 3.56 ms, found 3 plugins.
Preloading 0 native plugins for Editor in 0.00 ms.
Unloading 3717 Unused Serialized files (Serialized files now loaded: 0)
Unloading 22 unused Assets / (142.5 KB). Loaded Objects now: 4273.
Memory consumption went from 136.3 MB to 136.2 MB.
Total: 5.263200 ms (FindLiveObjects: 0.303000 ms CreateObjectMapping: 0.164300 ms MarkObjects: 4.227400 ms  DeleteObjects: 0.566500 ms)

AssetImportParameters requested are different than current active one (requested -> active):
  custom:video-decoder-ogg-theora: a1e56fd34408186e4bbccfd4996cb3dc -> 
  custom:container-muxer-webm: aa71ff27fc2769a1b78a27578f13a17b -> 
  custom:container-demuxer-webm: 4f35f7cbe854078d1ac9338744f61a02 -> 
  custom:video-encoder-webm-vp8: eb34c28f22e8b96e1ab97ce403110664 -> 
  custom:video-codec-MediaFoundation-h265: 746d11721c4dcdbdad8f713fa42b33f4 -> 
  custom:audio-encoder-webm-vorbis: bf7c407c2cedff20999df2af8eb42d56 -> 
  custom:framework-win-MediaFoundation: 216162199b28c13a410421893ffa2e32 -> 
  custom:container-demuxer-ogg: 62fdf1f143b41e24485cea50d1cbac27 -> 
  custom:video-decoder-webm-vp8: 9c59270c3fd7afecdb556c50c9e8de78 -> 
  custom:audio-decoder-ogg-vorbis: bf7c407c2cedff20999df2af8eb42d56 -> 
========================================================================
Received Prepare
Registering precompiled user dll's ...
Registered in 0.004028 seconds.
Begin MonoManager ReloadAssembly
Symbol file LoadedFromMemory doesn't match image C:\Users\natan\OneDrive\Documentos\Unity Projects\UnityTestFPS\Library\PackageCache\com.unity.visualscripting@1.7.8\Editor\VisualScripting.Core\Dependencies\YamlDotNet\Unity.VisualScripting.YamlDotNet.dll
Symbol file LoadedFromMemory doesn't match image C:\Users\natan\OneDrive\Documentos\Unity Projects\UnityTestFPS\Library\PackageCache\com.unity.visualscripting@1.7.8\Editor\VisualScripting.Core\Dependencies\DotNetZip\Unity.VisualScripting.IonicZip.dll
Native extension for WindowsStandalone target not found
Native extension for WebGL target not found
Refreshing native plugins compatible for Editor in 1.01 ms, found 3 plugins.
Preloading 0 native plugins for Editor in 0.00 ms.
Mono: successfully reloaded assembly
- Completed reload, in  0.952 seconds
Domain Reload Profiling:
	ReloadAssembly (953ms)
		BeginReloadAssembly (145ms)
			ExecutionOrderSort (0ms)
			DisableScriptedObjects (5ms)
			BackupInstance (0ms)
			ReleaseScriptingObjects (0ms)
			CreateAndSetChildDomain (43ms)
		EndReloadAssembly (721ms)
			LoadAssemblies (109ms)
			RebuildTransferFunctionScriptingTraits (0ms)
			SetupTypeCache (231ms)
			ReleaseScriptCaches (2ms)
			RebuildScriptCaches (42ms)
			SetupLoadedEditorAssemblies (306ms)
				LogAssemblyErrors (0ms)
				InitializePlatformSupportModulesInManaged (17ms)
				SetLoadedEditorAssemblies (0ms)
				RefreshPlugins (1ms)
				BeforeProcessingInitializeOnLoad (60ms)
				ProcessInitializeOnLoadAttributes (202ms)
				ProcessInitializeOnLoadMethodAttributes (21ms)
				AfterProcessingInitializeOnLoad (4ms)
				EditorAssembliesLoaded (0ms)
			ExecutionOrderSort2 (0ms)
			AwakeInstancesAfterBackupRestoration (7ms)
Platform modules already initialized, skipping
Refreshing native plugins compatible for Editor in 4.48 ms, found 3 plugins.
Preloading 0 native plugins for Editor in 0.00 ms.
Unloading 3717 Unused Serialized files (Serialized files now loaded: 0)
Unloading 21 unused Assets / (119.2 KB). Loaded Objects now: 4276.
Memory consumption went from 136.3 MB to 136.2 MB.
Total: 4.179000 ms (FindLiveObjects: 0.318400 ms CreateObjectMapping: 0.165900 ms MarkObjects: 3.256900 ms  DeleteObjects: 0.434500 ms)

AssetImportParameters requested are different than current active one (requested -> active):
  custom:video-decoder-ogg-theora: a1e56fd34408186e4bbccfd4996cb3dc -> 
  custom:container-muxer-webm: aa71ff27fc2769a1b78a27578f13a17b -> 
  custom:container-demuxer-webm: 4f35f7cbe854078d1ac9338744f61a02 -> 
  custom:video-encoder-webm-vp8: eb34c28f22e8b96e1ab97ce403110664 -> 
  custom:video-codec-MediaFoundation-h265: 746d11721c4dcdbdad8f713fa42b33f4 -> 
  custom:audio-encoder-webm-vorbis: bf7c407c2cedff20999df2af8eb42d56 -> 
  custom:framework-win-MediaFoundation: 216162199b28c13a410421893ffa2e32 -> 
  custom:container-demuxer-ogg: 62fdf1f143b41e24485cea50d1cbac27 -> 
  custom:video-decoder-webm-vp8: 9c59270c3fd7afecdb556c50c9e8de78 -> 
  custom:audio-decoder-ogg-vorbis: bf7c407c2cedff20999df2af8eb42d56 -> 
